Turbo Assembler	 Version 2.0	    11/13/15 00:47:08	    Page 1
src\acs\task3.asm



      1	0000			     .MODEL small
      2	0000			     .STACK 100h
      3	0000			     .DATA
      4	0000  00			     a_count db	0	     ;счётчик выводимых	байтов
      5	0001  0A 0D 24			     nln db '',	10,13,'$'    ;перевод строки
      6	0004			     .CODE
      7	0000			     start:
      8	0000  B8 0000s			     mov ax, @data
      9	0003  8E D8			     mov ds, ax
     10	0005  BE 0000			     mov si,0
     11	0008  B9 005Fr			     mov cx, offset exit
     12	000B  81 E9 0000r		     sub cx, offset start    ;определяем размер	памяти
     13
     14	000F			     lab1:
     15	000F  2E: 8A 14			     mov dl, cs:[si]
     16
     17	0012  8A DA			     mov bl, dl
     18					     shr dl, 04		     ;осуществляем сдвиг на 4 разряда вправо
**Error** src\acs\task3.asm(18)	Rotate count out of range
     19	0014  80 C2 30			     add dl, 30h
     20	0017  80 FA 39			     cmp dl, 39h	     ;сравниваем с 9
     21	001A  7E 03			     jle m1
     22	001C  80 C2 07			     add dl, 7h
     23
     24	001F  B4 02		     m1:     mov ah, 02h	     ;выводим старшую цифру
     25	0021  CD 21			     int 21h
     26
     27	0023  8A D3			     mov dl, bl
     28	0025  80 E2 0F			     and dl, 0Fh	     ;обнуляем старшую цифру
     29	0028  80 C2 30			     add dl, 30h
     30	002B  80 FA 39			     cmp dl, 39h
     31	002E  7E 03			     jle m2
     32	0030  80 C2 07			     add dl, 7h
     33
     34	0033  B4 02		     m2:     mov ah, 02h	     ;выводим младшую цифру
     35	0035  CD 21			     int 21h
     36
     37	0037  46			     inc si
     38	0038  B2 20			     mov dl, 20h	     ;выводим пробел
     39	003A  B0 02			     mov al, 02h
     40	003C  CD 21			     int 21h
     41
     42	003E  FE 06 0000r		     inc a_count	     ;увеличиваем счётчик байтов
     43	0042  80 3E 0000r 10		     cmp a_count, 16	     ;сравниваем с 16
     44	0047  75 0C			     jne m3		     ;если не равно, то	переходим на m2
     45	0049  C6 06 0000r 00		     mov a_count, 0h	     ;иначе обнуляем счётчик
     46	004E  BA 0001r			     lea dx, nln	     ;и	переводим на новую строку
     47	0051  B4 09			     mov ah, 09h
     48	0053  CD 21			     int 21h
     49	0055  E2 B8		     m3: loop lab1
     50
     51	0057  B4 00			     mov  AH,00		     ;Функция ввода
     52	0059  CD 16			     int  16H		     ;ожидание клавиши
     53	005B  3C 0D			     cmp al, 0dh	     ;проверяем, нажата	клавиша	Enter?
     54	005D  74 00			     je	exit		     ;если да, то выходим
     55
     56	005F			     exit:
Turbo Assembler	 Version 2.0	    11/13/15 00:47:08	    Page 2
src\acs\task3.asm



     57	005F  B4 05			     mov ah, 05h	     ;при выходе возращаемся на	нулевую	страницу
     58	0061  B0 00			     mov al, 00
     59	0063  CD 10			     int 10h
     60	0065  B8 4C00			     mov ax, 4c00h
     61	0068  CD 21			     int 21h
     62				     END start
Turbo Assembler	 Version 2.0	    11/13/15 00:47:08	    Page 3
Symbol Table




Symbol Name			  Type	 Value

??DATE				  Text	 "11/13/15"
??FILENAME			  Text	 "task3	  "
??TIME				  Text	 "00:47:08"
??VERSION			  Number 0200
@CODE				  Text	 _TEXT
@CODESIZE			  Text	 0
@CPU				  Text	 0101H
@CURSEG				  Text	 _TEXT
@DATA				  Text	 DGROUP
@DATASIZE			  Text	 0
@FILENAME			  Text	 TASK3
@MODEL				  Text	 2
@WORDSIZE			  Text	 2
A_COUNT				  Byte	 DGROUP:0000
EXIT				  Near	 _TEXT:005F
LAB1				  Near	 _TEXT:000F
M1				  Near	 _TEXT:001F
M2				  Near	 _TEXT:0033
M3				  Near	 _TEXT:0055
NLN				  Byte	 DGROUP:0001
START				  Near	 _TEXT:0000

Groups & Segments		  Bit Size Align  Combine Class

DGROUP				  Group
  STACK				  16  0100 Para	  Stack	  STACK
  _DATA				  16  0004 Word	  Public  DATA
_TEXT				  16  006A Word	  Public  CODE
Turbo Assembler	 Version 2.0	    11/13/15 00:47:08	    Page 4
Error Summary



**Error** src\acs\task3.asm(18)	Rotate count out of range
